{"level":"http","message":"GET en /loggerTest - at 5/9/2024"}
{"level":"warning","message":"GET en /loggerTest - at 5/9/2024"}
{"level":"info","message":"Este es un mensaje de info"}
{"level":"warning","message":"Este es un mensaje de warning"}
{"level":"error","message":"Este es un mensaje de error"}
{"level":"http","message":"POST en /auth/login - at 5/30/2024"}
{"level":"warning","message":"POST en /auth/login - at 5/30/2024"}
{"level":"http","message":"POST en /auth/login - at 5/30/2024"}
{"level":"warning","message":"POST en /auth/login - at 5/30/2024"}
{"level":"http","message":"POST en /auth/login - at 6/6/2024"}
{"level":"warning","message":"POST en /auth/login - at 6/6/2024"}
{"level":"http","message":"POST en /auth/login - at 6/7/2024"}
{"level":"warning","message":"POST en /auth/login - at 6/7/2024"}
{"level":"http","message":"POST en /auth/login - at 6/7/2024"}
{"level":"warning","message":"POST en /auth/login - at 6/7/2024"}
{"level":"http","message":"GET en /api/users/current - at 6/7/2024"}
{"level":"warning","message":"GET en /api/users/current - at 6/7/2024"}
{"level":"http","message":"POST en /auth/login - at 6/7/2024"}
{"level":"warning","message":"POST en /auth/login - at 6/7/2024"}
{"level":"http","message":"GET en /api/users/current - at 6/7/2024"}
{"level":"warning","message":"GET en /api/users/current - at 6/7/2024"}
{"level":"http","message":"POST en /auth/login - at 6/7/2024"}
{"level":"warning","message":"POST en /auth/login - at 6/7/2024"}
{"level":"http","message":"GET en /api/users/current - at 6/7/2024"}
{"level":"warning","message":"GET en /api/users/current - at 6/7/2024"}
{"level":"http","message":"POST en /auth/login - at 6/7/2024"}
{"level":"warning","message":"POST en /auth/login - at 6/7/2024"}
{"level":"http","message":"GET en /api/users/current - at 6/7/2024"}
{"level":"warning","message":"GET en /api/users/current - at 6/7/2024"}
{"level":"http","message":"POST en /auth/login - at 6/7/2024"}
{"level":"warning","message":"POST en /auth/login - at 6/7/2024"}
{"level":"http","message":"GET en /api/users/current - at 6/7/2024"}
{"level":"warning","message":"GET en /api/users/current - at 6/7/2024"}
{"level":"http","message":"POST en /auth/login - at 6/7/2024"}
{"level":"warning","message":"POST en /auth/login - at 6/7/2024"}
{"level":"http","message":"GET en /api/users/current - at 6/7/2024"}
{"level":"warning","message":"GET en /api/users/current - at 6/7/2024"}
{"level":"http","message":"POST en /auth/login - at 6/7/2024"}
{"level":"warning","message":"POST en /auth/login - at 6/7/2024"}
{"level":"http","message":"GET en /api/users/current - at 6/7/2024"}
{"level":"warning","message":"GET en /api/users/current - at 6/7/2024"}
{"level":"http","message":"GET en /auth/logout - at 6/7/2024"}
{"level":"warning","message":"GET en /auth/logout - at 6/7/2024"}
{"level":"http","message":"POST en /auth/login - at 6/7/2024"}
{"level":"warning","message":"POST en /auth/login - at 6/7/2024"}
{"level":"http","message":"GET en /api/users/current - at 6/7/2024"}
{"level":"warning","message":"GET en /api/users/current - at 6/7/2024"}
{"level":"http","message":"POST en /auth/login - at 6/7/2024"}
{"level":"warning","message":"POST en /auth/login - at 6/7/2024"}
{"level":"http","message":"POST en /auth/login - at 6/7/2024"}
{"level":"warning","message":"POST en /auth/login - at 6/7/2024"}
